              TANK:1[    0-0    ] <= [3.0]
              TANK:1              <= [3.0]: 'OK'
              TANK:1              <= [3.0]: 'OK'
              TANK:1[    0-0    ] <= [3.0]
              TANK:1              <= [3.0]: 'OK'
              TANK:1[    0-0    ] <= [3.0]
              TANK:1[    0-0    ] <= [3.0]
              TANK:1              <= [3.0]: 'OK'
              TANK:1              <= [3.0]: 'OK'
              TANK:1[    0-0    ] <= [3.0]
              TANK:1              <= [3.0]: 'OK'
              TANK:1[    0-0    ] <= [3.0]
              TANK:1              <= [3.0]: 'OK'
              TANK:1[    0-0    ] <= [3.0]
              TANK:1[    0-0    ] <= [3.0]
              TANK:1              <= [3.0]: 'OK'
              TANK:1              <= [3.0]: 'OK'
              TANK:1[    0-0    ] <= [3.0]
              TANK:1[    0-0    ] <= [3.0]
              TANK:1              <= [3.0]: 'OK'
              TANK:1              <= [3.0]: 'OK'
              TANK:1[    0-0    ] <= [3.0]
              TANK:1              <= [3.0]: 'OK'
              TANK:1[    0-0    ] <= [3.0]
              TANK:1              <= [3.0]: 'OK'
              TANK:1[    0-0    ] <= [3.0]
              TANK:1              <= [3.0]: 'OK'
              TANK:1[    0-0    ] <= [3.0]
              TANK:1              <= [3.0]: 'OK'
              TANK:1[    0-0    ] <= [3.0]
              TANK:1              <= [3.0]: 'OK'
              TANK:1[    0-0    ] <= [3.0]
              TANK:1              <= [2.3064735824435]: 'OK'
              TANK:1[    0-0    ] <= [2.30647349357605]
              TANK:1              <= [2.66484184469668]: 'OK'
              TANK:1[    0-0    ] <= [2.664841890335083]
              TANK:1              <= [2.94668954416349]: 'OK'
              TANK:1[    0-0    ] <= [2.9466896057128906]
              TANK:1              <= [3.54496977183696]: 'OK'
              TANK:1[    0-0    ] <= [3.5449697971343994]
              TANK:1              <= [3.87095535737596]: 'OK'
              TANK:1[    0-0    ] <= [3.870955467224121]
              TANK:1[    0-0    ] <= [4.03336238861084]
              TANK:1              <= [4.03336240976505]: 'OK'
              TANK:1              <= [4.35481352413322]: 'OK'
              TANK:1[    0-0    ] <= [4.354813575744629]
              TANK:1              <= [4.67253021038118]: 'OK'
              TANK:1[    0-0    ] <= [4.672530174255371]
              TANK:1[    0-0    ] <= [4.830813884735107]
              TANK:1              <= [4.83081393192302]: 'OK'
              TANK:1              <= [5.14583508479913]: 'OK'
              TANK:1[    0-0    ] <= [5.145834922790527]
              TANK:1              <= [5.45933212789276]: 'OK'
              TANK:1[    0-0    ] <= [5.45933198928833]
              TANK:1              <= [5.60744550028558]: 'OK'
              TANK:1[    0-0    ] <= [5.60744571685791]
              TANK:1              <= [5.75519797809206]: 'OK'
              TANK:1[    0-0    ] <= [5.755198001861572]
              TANK:1              <= [6.0496221624531]: 'OK'
              TANK:1[    0-0    ] <= [6.049622058868408]
              TANK:1              <= [6.16818328979519]: 'OK'
              TANK:1[    0-0    ] <= [6.168183326721191]
              TANK:1              <= [6.22731426904599]: 'OK'
              TANK:1[    0-0    ] <= [6.227314472198486]
              TANK:1[    0-0    ] <= [6.324588298797607]
              TANK:1              <= [6.32458812549176]: 'OK'
              TANK:1[    0-0    ] <= [6.4389262199401855]
              TANK:1              <= [6.43892621269735]: 'OK'
              TANK:1[    0-0    ] <= [6.471226692199707]
              TANK:1              <= [6.47122685488408]: 'OK'
              TANK:1[    0-0    ] <= [6.379995822906494]
              TANK:1              <= [6.37999566931998]: 'OK'
              TANK:1[    0-0    ] <= [6.1930718421936035]
              TANK:1              <= [6.19307169804952]: 'OK'
              TANK:1[    0-0    ] <= [6.001686096191406]
              TANK:1              <= [6.00168612663691]: 'OK'
              TANK:1              <= [5.90599334093075]: 'OK'
              TANK:1[    0-0    ] <= [5.905993461608887]
              TANK:1              <= [5.81031964939307]: 'OK'
              TANK:1[    0-0    ] <= [5.810319423675537]
              TANK:1              <= [5.61897226631797]: 'OK'
              TANK:1[    0-0    ] <= [5.618972301483154]
              TANK:1              <= [5.52329857478055]: 'OK'
              TANK:1[    0-0    ] <= [5.523298740386963]
              TANK:1[    0-0    ] <= [5.354374408721924]
              TANK:1              <= [5.35437445147866]: 'OK'
              TANK:1              <= [5.26991238982782]: 'OK'
              TANK:1[    0-0    ] <= [5.269912242889404]
              TANK:1              <= [5.11560152261517]: 'OK'
              TANK:1[    0-0    ] <= [5.115601539611816]
              TANK:1              <= [4.97590391149151]: 'OK'
              TANK:1[    0-0    ] <= [4.9759039878845215]
              TANK:1              <= [4.75098581603083]: 'OK'
              TANK:1[    0-0    ] <= [4.750985622406006]
              TANK:1              <= [4.59591652613216]: 'OK'
              TANK:1[    0-0    ] <= [4.595916748046875]
              TANK:1[    0-0    ] <= [4.526269435882568]
              TANK:1              <= [4.52626939480056]: 'OK'
              TANK:1[    0-0    ] <= [4.456622123718262]
              TANK:1              <= [4.45662226346903]: 'OK'
              TANK:1[    0-0    ] <= [4.257345676422119]
              TANK:1              <= [4.25734556875236]: 'OK'
              TANK:1              <= [4.19736313669866]: 'OK'
              TANK:1[    0-0    ] <= [4.197362899780273]
              TANK:1              <= [3.92888637694568]: 'OK'
              TANK:1[    0-0    ] <= [3.9288864135742188]
              TANK:1              <= [3.78037448130021]: 'OK'
              TANK:1[    0-0    ] <= [3.780374526977539]
              TANK:1              <= [3.76043726861656]: 'OK'
              TANK:1[    0-0    ] <= [3.760437250137329]
              TANK:1              <= [3.87150753035013]: 'OK'
              TANK:1[    0-0    ] <= [3.8715076446533203]
              TANK:1              <= [3.98559896616419]: 'OK'
              TANK:1[    0-0    ] <= [3.9855990409851074]
              TANK:1[    0-0    ] <= [4.042502403259277]
              TANK:1              <= [4.04250243808806]: 'OK'
              TANK:1              <= [4.09931124429498]: 'OK'
              TANK:1[    0-0    ] <= [4.099311351776123]
              TANK:1              <= [4.26761443397436]: 'OK'
              TANK:1[    0-0    ] <= [4.267614364624023]
              TANK:1              <= [4.32352868375408]: 'OK'
              TANK:1[    0-0    ] <= [4.32352876663208]
              TANK:1              <= [4.42296993461414]: 'OK'
              TANK:1[    0-0    ] <= [4.422969818115234]
              TANK:1              <= [4.47256593554687]: 'OK'
              TANK:1[    0-0    ] <= [4.4725661277771]
              TANK:1              <= [4.52207900361081]: 'OK'
              TANK:1[    0-0    ] <= [4.522078990936279]
              TANK:1              <= [4.65635380396314]: 'OK'
              TANK:1[    0-0    ] <= [4.656353950500488]
              TANK:1[    0-0    ] <= [4.790182113647461]
              TANK:1              <= [4.79018223812739]: 'OK'
              TANK:1              <= [4.86259984589272]: 'OK'
              TANK:1[    0-0    ] <= [4.862599849700928]
              TANK:1              <= [4.93489705696528]: 'OK'
              TANK:1[    0-0    ] <= [4.934896945953369]
              TANK:1[    0-0    ] <= [5.07913064956665]
              TANK:1              <= [5.07913086962621]: 'OK'
DEBUG get_query: SELECT value FROM minitown WHERE name = ? AND pid = ?
DEBUG set_query: UPDATE minitown SET value = ? WHERE name = ? AND pid = ?
DEBUG EnipProtocol server addr:  192.168.1.10
DEBUG: concatenating server address with default port.
DEBUG enip server tags_string:  TANK:1=REAL PUMP1:1=REAL PUMP2:1=REAL ATT_1:1=REAL ATT_2:1=REAL TIME:1=INT 
DEBUG enip _start_server cmd:  ['/usr/bin/python', '-m', 'cpppo.server.enip', '--print', '--log', 'logs/protocols_tests_enip_server', '--address', '192.168.1.10:44818', 'TANK:1=REAL', 'PUMP1:1=REAL', 'PUMP2:1=REAL', 'ATT_1:1=REAL', 'ATT_2:1=REAL', 'TIME:1=INT']
DEBUG: plc1 enters pre_loop
DEBUG PLC shutdown
              TANK:1              <= [5.07913086962621]: 'OK'
              TANK:1[    0-0    ] <= [5.07913064956665]
plc1
Stopping Tcp dump process on PLC...
Stopping PLC...
